<?xml version="1.0" encoding="UTF-8"?>
<testsuite xmlns:xsi="http://www.w3.org/2001/XMLSchema-instance" xsi:noNamespaceSchemaLocation="https://maven.apache.org/surefire/maven-surefire-plugin/xsd/surefire-test-report.xsd" name="com.project.AppTest" time="0.07" tests="1" errors="0" skipped="0" failures="0">
  <properties>
    <property name="gopherProxySet" value="false"/>
    <property name="awt.toolkit" value="sun.lwawt.macosx.LWCToolkit"/>
    <property name="java.specification.version" value="10"/>
    <property name="file.encoding.pkg" value="sun.io"/>
    <property name="sun.cpu.isalist" value=""/>
    <property name="sun.jnu.encoding" value="UTF-8"/>
    <property name="java.class.path" value="/Users/admin/Documents/Courses/CS7641/repo/CS7641/Assignment4/project/target/test-classes:/Users/admin/Documents/Courses/CS7641/repo/CS7641/Assignment4/project/target/classes:/Users/admin/.m2/repository/junit/junit/4.11/junit-4.11.jar:/Users/admin/.m2/repository/org/hamcrest/hamcrest-core/1.3/hamcrest-core-1.3.jar:/Users/admin/.m2/repository/edu/brown/cs/burlap/burlap/3.0.0/burlap-3.0.0.jar:/Users/admin/.m2/repository/org/apache/commons/commons-math3/3.2/commons-math3-3.2.jar:/Users/admin/.m2/repository/com/googlecode/efficient-java-matrix-library/ejml/0.25/ejml-0.25.jar:/Users/admin/.m2/repository/org/jfree/jcommon/1.0.21/jcommon-1.0.21.jar:/Users/admin/.m2/repository/org/jfree/jfreechart/1.0.17/jfreechart-1.0.17.jar:/Users/admin/.m2/repository/xml-apis/xml-apis/1.3.04/xml-apis-1.3.04.jar:/Users/admin/.m2/repository/com/github/vincentk/joptimizer/3.3.0/joptimizer-3.3.0.jar:/Users/admin/.m2/repository/colt/colt/1.2.0/colt-1.2.0.jar:/Users/admin/.m2/repository/concurrent/concurrent/1.3.4/concurrent-1.3.4.jar:/Users/admin/.m2/repository/commons-logging/commons-logging/1.1.1/commons-logging-1.1.1.jar:/Users/admin/.m2/repository/net/sourceforge/csparsej/csparsej/1.1.1/csparsej-1.1.1.jar:/Users/admin/.m2/repository/org/apache/commons/commons-lang3/3.1/commons-lang3-3.1.jar:/Users/admin/.m2/repository/log4j/log4j/1.2.14/log4j-1.2.14.jar:/Users/admin/.m2/repository/org/yaml/snakeyaml/1.13/snakeyaml-1.13.jar:/Users/admin/.m2/repository/net/sf/jopt-simple/jopt-simple/4.9/jopt-simple-4.9.jar:"/>
    <property name="java.vm.vendor" value="&quot;Oracle Corporation&quot;"/>
    <property name="sun.arch.data.model" value="64"/>
    <property name="java.vendor.url" value="http://java.oracle.com/"/>
    <property name="user.timezone" value=""/>
    <property name="java.vm.specification.version" value="10"/>
    <property name="os.name" value="Mac OS X"/>
    <property name="sun.java.launcher" value="SUN_STANDARD"/>
    <property name="user.country" value="CA"/>
    <property name="sun.boot.library.path" value="/Library/Java/JavaVirtualMachines/jdk-10.jdk/Contents/Home/lib"/>
    <property name="sun.java.command" value="/Users/admin/Documents/Courses/CS7641/repo/CS7641/Assignment4/project/target/surefire/surefirebooter5932674894042251063.jar /Users/admin/Documents/Courses/CS7641/repo/CS7641/Assignment4/project/target/surefire 2019-03-26T21-55-38_114-jvmRun1 surefire10009377373633481811tmp surefire_014634258554988645560tmp"/>
    <property name="http.nonProxyHosts" value="local|*.local|169.254/16|*.169.254/16"/>
    <property name="jdk.debug" value="release"/>
    <property name="surefire.test.class.path" value="/Users/admin/Documents/Courses/CS7641/repo/CS7641/Assignment4/project/target/test-classes:/Users/admin/Documents/Courses/CS7641/repo/CS7641/Assignment4/project/target/classes:/Users/admin/.m2/repository/junit/junit/4.11/junit-4.11.jar:/Users/admin/.m2/repository/org/hamcrest/hamcrest-core/1.3/hamcrest-core-1.3.jar:/Users/admin/.m2/repository/edu/brown/cs/burlap/burlap/3.0.0/burlap-3.0.0.jar:/Users/admin/.m2/repository/org/apache/commons/commons-math3/3.2/commons-math3-3.2.jar:/Users/admin/.m2/repository/com/googlecode/efficient-java-matrix-library/ejml/0.25/ejml-0.25.jar:/Users/admin/.m2/repository/org/jfree/jcommon/1.0.21/jcommon-1.0.21.jar:/Users/admin/.m2/repository/org/jfree/jfreechart/1.0.17/jfreechart-1.0.17.jar:/Users/admin/.m2/repository/xml-apis/xml-apis/1.3.04/xml-apis-1.3.04.jar:/Users/admin/.m2/repository/com/github/vincentk/joptimizer/3.3.0/joptimizer-3.3.0.jar:/Users/admin/.m2/repository/colt/colt/1.2.0/colt-1.2.0.jar:/Users/admin/.m2/repository/concurrent/concurrent/1.3.4/concurrent-1.3.4.jar:/Users/admin/.m2/repository/commons-logging/commons-logging/1.1.1/commons-logging-1.1.1.jar:/Users/admin/.m2/repository/net/sourceforge/csparsej/csparsej/1.1.1/csparsej-1.1.1.jar:/Users/admin/.m2/repository/org/apache/commons/commons-lang3/3.1/commons-lang3-3.1.jar:/Users/admin/.m2/repository/log4j/log4j/1.2.14/log4j-1.2.14.jar:/Users/admin/.m2/repository/org/yaml/snakeyaml/1.13/snakeyaml-1.13.jar:/Users/admin/.m2/repository/net/sf/jopt-simple/jopt-simple/4.9/jopt-simple-4.9.jar:"/>
    <property name="sun.cpu.endian" value="little"/>
    <property name="user.home" value="/Users/admin"/>
    <property name="user.language" value="en"/>
    <property name="java.specification.vendor" value="Oracle Corporation"/>
    <property name="java.version.date" value="2018-03-20"/>
    <property name="java.home" value="/Library/Java/JavaVirtualMachines/jdk-10.jdk/Contents/Home"/>
    <property name="file.separator" value="/"/>
    <property name="basedir" value="/Users/admin/Documents/Courses/CS7641/repo/CS7641/Assignment4/project"/>
    <property name="java.vm.compressedOopsMode" value="Zero based"/>
    <property name="line.separator" value="&#10;"/>
    <property name="java.specification.name" value="Java Platform API Specification"/>
    <property name="java.vm.specification.vendor" value="Oracle Corporation"/>
    <property name="java.awt.graphicsenv" value="sun.awt.CGraphicsEnvironment"/>
    <property name="surefire.real.class.path" value="/Users/admin/Documents/Courses/CS7641/repo/CS7641/Assignment4/project/target/surefire/surefirebooter5932674894042251063.jar"/>
    <property name="sun.management.compiler" value="HotSpot 64-Bit Tiered Compilers"/>
    <property name="ftp.nonProxyHosts" value="local|*.local|169.254/16|*.169.254/16"/>
    <property name="java.runtime.version" value="10+46"/>
    <property name="user.name" value="admin"/>
    <property name="path.separator" value=":"/>
    <property name="os.version" value="10.14"/>
    <property name="java.runtime.name" value="Java(TM) SE Runtime Environment"/>
    <property name="file.encoding" value="UTF-8"/>
    <property name="java.vm.name" value="Java HotSpot(TM) 64-Bit Server VM"/>
    <property name="java.vendor.version" value="18.3"/>
    <property name="localRepository" value="/Users/admin/.m2/repository"/>
    <property name="java.vendor.url.bug" value="http://bugreport.java.com/bugreport/"/>
    <property name="java.io.tmpdir" value="/var/folders/n7/r7t2n82s2sb83_mn9jc6w90w0000gn/T/"/>
    <property name="java.version" value="10"/>
    <property name="user.dir" value="/Users/admin/Documents/Courses/CS7641/repo/CS7641/Assignment4/project"/>
    <property name="os.arch" value="x86_64"/>
    <property name="java.vm.specification.name" value="Java Virtual Machine Specification"/>
    <property name="java.awt.printerjob" value="sun.lwawt.macosx.CPrinterJob"/>
    <property name="sun.os.patch.level" value="unknown"/>
    <property name="java.library.path" value="/Users/admin/Library/Java/Extensions:/Library/Java/Extensions:/Network/Library/Java/Extensions:/System/Library/Java/Extensions:/usr/lib/java:."/>
    <property name="java.vendor" value="Oracle Corporation"/>
    <property name="java.vm.info" value="mixed mode"/>
    <property name="java.vm.version" value="10+46"/>
    <property name="sun.io.unicode.encoding" value="UnicodeBig"/>
    <property name="java.class.version" value="54.0"/>
    <property name="socksNonProxyHosts" value="local|*.local|169.254/16|*.169.254/16"/>
  </properties>
  <testcase name="shouldAnswerWithTrue" classname="com.project.AppTest" time="0.002"/>
</testsuite>